<?xml version="1.0" encoding="UTF-8"?>
<testsuite name="edu.vassar.cmpu203.workoutapp.Model.WorkoutTest" tests="1" skipped="0" failures="0" errors="0" timestamp="2022-05-10T16:13:48" hostname="DESKTOP-CCGPKSI" time="0.017">
  <properties/>
  <testcase name="testToString()" classname="edu.vassar.cmpu203.workoutapp.Model.WorkoutTest" time="0.017"/>
  <system-out><![CDATA[]]></system-out>
  <system-err><![CDATA[]]></system-err>
</testsuite>
