<?xml version='1.0' encoding='UTF-8' ?>
<testsuite name="edu.vassar.cmpu203.workoutapp.AddPostInstTest" tests="12" failures="3" errors="0" skipped="0" time="313.884" timestamp="2022-05-10T23:24:27" hostname="localhost">
  <properties>
    <property name="device" value="Pixel_4_API_32(AVD) - 12" />
    <property name="flavor" value="" />
    <property name="project" value="app" />
  </properties>
  <testcase name="addCardioPostTest" classname="edu.vassar.cmpu203.workoutapp.AddPostInstTest" time="20.283" />
  <testcase name="addMobilityPostTest" classname="edu.vassar.cmpu203.workoutapp.AddPostInstTest" time="22.032" />
  <testcase name="addMultiplePostsTest" classname="edu.vassar.cmpu203.workoutapp.AddPostInstTest" time="37.46" />
  <testcase name="addPostNoCaption" classname="edu.vassar.cmpu203.workoutapp.AddPostInstTest" time="26.042" />
  <testcase name="addStrengthPostTest" classname="edu.vassar.cmpu203.workoutapp.AddPostInstTest" time="34.283" />
  <testcase name="testSnackBars" classname="edu.vassar.cmpu203.workoutapp.AddPostInstTest" time="61.982" />
  <testcase name="addPostNoWorkoutTest" classname="edu.vassar.cmpu203.workoutapp.AddPostInstTest" time="19.776" />
  <testcase name="createProfileTest" classname="edu.vassar.cmpu203.workoutapp.CreateProfileInstTest" time="1.836">
    <failure>androidx.test.espresso.NoMatchingViewException: No views in hierarchy found matching: view.getId() is &lt;2131296313/edu.vassar.cmpu203.workoutapp:id/UsernameText&gt;

View Hierarchy:
+&gt;DecorView{id=-1, visibility=VISIBLE, width=1080, height=2280, has-focus=false, has-focusable=true, has-window-focus=true, is-clickable=false, is-enabled=true, is-focused=false, is-focusable=false, is-layout-requested=false, is-selected=false, layout-params={(0,0)(fillxfill) ty=BASE_APPLICATION wanim=0x10302fe
fl=LAYOUT_IN_SCREEN LAYOUT_INSET_DECOR SPLIT_TOUCH HARDWARE_ACCELERATED DRAWS_SYSTEM_BAR_BACKGROUNDS
pfl=NO_MOVE_ANIMATION FORCE_DRAW_STATUS_BAR_BACKGROUND FIT_INSETS_CONTROLLED
bhv=DEFAULT
fitSides=}, tag=null, root-is-layout-requested=false, has-input-connection=false, x=0.0, y=0.0, child-count=3}
|
+-&gt;LinearLayout{id=-1, visibility=VISIBLE, width=1080, height=2236, has-focus=false, has-focusable=true, has-window-focus=true, is-clickable=false, is-enabled=true, is-focused=false, is-focusable=false, is-layout-requested=false, is-selected=false, layout-params=android.widget.FrameLayout$LayoutParams&#64;e57ce54, tag=null, root-is-layout-requested=false, has-input-connection=false, x=0.0, y=0.0, child-count=2}
|
+--&gt;ViewStub{id=16908723, res-name=action_mode_bar_stub, visibility=GONE, width=0, height=0, has-focus=false, has-focusable=false, has-window-focus=true, is-clickable=false, is-enabled=true, is-focused=false, is-focusable=false, is-layout-requested=true, is-selected=false, layout-params=android.widget.LinearLayout$LayoutParams&#64;538a1fd, tag=null, root-is-layout-requested=false, has-input-connection=false, x=0.0, y=0.0}
|
+--&gt;FrameLayout{id=-1, visibility=VISIBLE, width=1080, height=2170, has-focus=false, has-focusable=true, has-window-focus=true, is-clickable=false, is-enabled=true, is-focused=false, is-focusable=false, is-layout-requested=false, is-selected=false, layout-params=android.widget.LinearLayout$LayoutParams&#64;5a2b943, tag=null, root-is-layout-requested=false, has-input-connection=false, x=0.0, y=66.0, child-count=1}
|
+---&gt;ActionBarOverlayLayout{id=2131296468, res-name=decor_content_parent, visibility=VISIBLE, width=1080, height=2170, has-focus=false, has-focusable=true, has-window-focus=true, is-clickable=false, is-enabled=true, is-focused=false, is-focusable=false, is-layout-requested=false, is-selected=false, layout-params=android.widget.FrameLayout$LayoutParams&#64;8d5583e, tag=null, root-is-layout-requested=false, has-input-connection=false, x=0.0, y=0.0, child-count=2}
|
+----&gt;ContentFrameLayout{id=16908290, res-name=content, visibility=VISIBLE, width=1080, height=2016, has-focus=false, has-focusable=true, has-window-focus=true, is-clickable=false, is-enabled=true, is-focused=false, is-focusable=false, is-layout-requested=false, is-selected=false, layout-params=androidx.appcompat.widget.ActionBarOverlayLayout$LayoutParams&#64;dae93ec, tag=null, root-is-layout-requested=false, has-input-connection=false, x=0.0, y=154.0, child-count=1}
|
+-----&gt;ConstraintLayout{id=2131296448, res-name=constraintLayout, visibility=VISIBLE, width=1080, height=2016, has-focus=false, has-focusable=true, has-window-focus=true, is-clickable=false, is-enabled=true, is-focused=false, is-focusable=false, is-layout-requested=false, is-selected=false, layout-params=android.widget.FrameLayout$LayoutParams&#64;8caba4a, tag=null, root-is-layout-requested=false, has-input-connection=false, x=0.0, y=0.0, child-count=1}
|
+------&gt;FragmentContainerView{id=2131296526, res-name=fragmentContainerView, visibility=VISIBLE, width=1080, height=1919, has-focus=false, has-focusable=true, has-window-focus=true, is-clickable=false, is-enabled=true, is-focused=false, is-focusable=false, is-layout-requested=false, is-selected=false, layout-params=androidx.constraintlayout.widget.ConstraintLayout$LayoutParams&#64;9e702d8, tag=null, root-is-layout-requested=false, has-input-connection=false, x=0.0, y=49.0, child-count=1}
|
+-------&gt;FrameLayout{id=-1, visibility=VISIBLE, width=1080, height=1919, has-focus=false, has-focusable=true, has-window-focus=true, is-clickable=false, is-enabled=true, is-focused=false, is-focusable=false, is-layout-requested=false, is-selected=false, layout-params=android.widget.FrameLayout$LayoutParams&#64;8023116, tag=null, root-is-layout-requested=false, has-input-connection=false, x=0.0, y=0.0, child-count=1}
|
+--------&gt;ConstraintLayout{id=-1, visibility=VISIBLE, width=1080, height=1919, has-focus=false, has-focusable=true, has-window-focus=true, is-clickable=false, is-enabled=true, is-focused=false, is-focusable=false, is-layout-requested=false, is-selected=false, layout-params=android.widget.FrameLayout$LayoutParams&#64;1d3758f, tag=null, root-is-layout-requested=false, has-input-connection=false, x=0.0, y=0.0, child-count=8}
|
+---------&gt;MaterialTextView{id=2131296845, res-name=welcomeMessage, visibility=VISIBLE, width=1080, height=236, has-focus=false, has-focusable=false, has-window-focus=true, is-clickable=false, is-enabled=true, is-focused=false, is-focusable=false, is-layout-requested=false, is-selected=false, layout-params=androidx.constraintlayout.widget.ConstraintLayout$LayoutParams&#64;74d01c, tag=null, root-is-layout-requested=false, has-input-connection=false, x=0.0, y=446.0, text=Ultimate Social media app for Workouts, input-type=0, ime-target=false, has-links=false}
|
+---------&gt;MaterialButton{id=2131296739, res-name=signUpButton, visibility=VISIBLE, width=264, height=132, has-focus=false, has-focusable=true, has-window-focus=true, is-clickable=true, is-enabled=true, is-focused=false, is-focusable=true, is-layout-requested=false, is-selected=false, layout-params=androidx.constraintlayout.widget.ConstraintLayout$LayoutParams&#64;acd5425, tag=null, root-is-layout-requested=false, has-input-connection=false, x=407.0, y=1682.0, text=Sign Up, input-type=0, ime-target=false, has-links=false, is-checked=false}
|
+---------&gt;MaterialButton{id=2131296588, res-name=logInButton, visibility=VISIBLE, width=1125, height=187, has-focus=false, has-focusable=true, has-window-focus=true, is-clickable=true, is-enabled=true, is-focused=false, is-focusable=true, is-layout-requested=false, is-selected=false, layout-params=androidx.constraintlayout.widget.ConstraintLayout$LayoutParams&#64;2ae49fa, tag=null, root-is-layout-requested=false, has-input-connection=false, x=0.0, y=1180.0, text=Log In, input-type=0, ime-target=false, has-links=false, is-checked=false}
|
+---------&gt;MaterialTextView{id=2131296658, res-name=newUserMessage, visibility=VISIBLE, width=401, height=53, has-focus=false, has-focusable=false, has-window-focus=true, is-clickable=false, is-enabled=true, is-focused=false, is-focusable=false, is-layout-requested=false, is-selected=false, layout-params=androidx.constraintlayout.widget.ConstraintLayout$LayoutParams&#64;1bdbab, tag=null, root-is-layout-requested=false, has-input-connection=false, x=339.0, y=1579.0, text=Don't have an account?, input-type=0, ime-target=false, has-links=false}
|
+---------&gt;AppCompatEditText{id=2131296834, res-name=usernameField, visibility=VISIBLE, width=765, height=132, has-focus=false, has-focusable=true, has-window-focus=true, is-clickable=true, is-enabled=true, is-focused=false, is-focusable=true, is-layout-requested=false, is-selected=false, layout-params=androidx.constraintlayout.widget.ConstraintLayout$LayoutParams&#64;a3a8787, tag=null, root-is-layout-requested=false, has-input-connection=true, editor-info=[inputType=0x61 imeOptions=0x8000005 privateImeOptions=null actionLabel=null actionId=0 initialSelStart=0 initialSelEnd=0 initialCapsMode=0x0 hintText=null label=null packageName=null autofillId=null fieldId=0 fieldName=null extras=Bundle[{android.support.text.emoji.emojiCompat_metadataVersion=7, android.support.text.emoji.emojiCompat_replaceAll=false}] hintLocales=null contentMimeTypes=null ], x=305.0, y=734.0, text=, input-type=97, ime-target=false, has-links=false}
|
+---------&gt;MaterialTextView{id=2131296835, res-name=usernameLogIn, visibility=VISIBLE, width=261, height=74, has-focus=false, has-focusable=false, has-window-focus=true, is-clickable=false, is-enabled=true, is-focused=false, is-focusable=false, is-layout-requested=false, is-selected=false, layout-params=androidx.constraintlayout.widget.ConstraintLayout$LayoutParams&#64;9a106b4, tag=null, root-is-layout-requested=false, has-input-connection=false, x=10.0, y=734.0, text=Username, input-type=0, ime-target=false, has-links=false}
|
+---------&gt;MaterialTextView{id=2131296681, res-name=passwordLogIn, visibility=VISIBLE, width=242, height=74, has-focus=false, has-focusable=false, has-window-focus=true, is-clickable=false, is-enabled=true, is-focused=false, is-focusable=false, is-layout-requested=false, is-selected=false, layout-params=androidx.constraintlayout.widget.ConstraintLayout$LayoutParams&#64;cd2e2dd, tag=null, root-is-layout-requested=false, has-input-connection=false, x=-2.0, y=910.0, text=Password, input-type=0, ime-target=false, has-links=false}
|
+---------&gt;AppCompatEditText{id=2131296680, res-name=passwordField, visibility=VISIBLE, width=751, height=132, has-focus=false, has-focusable=true, has-window-focus=true, is-clickable=true, is-enabled=true, is-focused=false, is-focusable=true, is-layout-requested=false, is-selected=false, layout-params=androidx.constraintlayout.widget.ConstraintLayout$LayoutParams&#64;ad81e52, tag=null, root-is-layout-requested=false, has-input-connection=true, editor-info=[inputType=0x81 imeOptions=0x4000006 privateImeOptions=null actionLabel=null actionId=0 initialSelStart=0 initialSelEnd=0 initialCapsMode=0x0 hintText=null label=null packageName=null autofillId=null fieldId=0 fieldName=null extras=Bundle[{android.support.text.emoji.emojiCompat_metadataVersion=7, android.support.text.emoji.emojiCompat_replaceAll=false}] hintLocales=null contentMimeTypes=null ], x=318.0, y=921.0, text=, input-type=129, ime-target=false, has-links=false}
|
+----&gt;ActionBarContainer{id=2131296360, res-name=action_bar_container, visibility=VISIBLE, width=1080, height=154, has-focus=false, has-focusable=false, has-window-focus=true, is-clickable=false, is-enabled=true, is-focused=false, is-focusable=false, is-layout-requested=false, is-selected=false, layout-params=androidx.appcompat.widget.ActionBarOverlayLayout$LayoutParams&#64;61fcfd9, tag=null, root-is-layout-requested=false, has-input-connection=false, x=0.0, y=0.0, child-count=2}
|
+-----&gt;Toolbar{id=2131296358, res-name=action_bar, visibility=VISIBLE, width=1080, height=154, has-focus=false, has-focusable=false, has-window-focus=true, is-clickable=false, is-enabled=true, is-focused=false, is-focusable=false, is-layout-requested=false, is-selected=false, layout-params=android.widget.FrameLayout$LayoutParams&#64;7b5cd9e, tag=null, root-is-layout-requested=false, has-input-connection=false, x=0.0, y=0.0, child-count=2}
|
+------&gt;AppCompatTextView{id=-1, visibility=VISIBLE, width=311, height=74, has-focus=false, has-focusable=false, has-window-focus=true, is-clickable=false, is-enabled=true, is-focused=false, is-focusable=false, is-layout-requested=false, is-selected=false, layout-params=androidx.appcompat.widget.Toolbar$LayoutParams&#64;342e07f, tag=null, root-is-layout-requested=false, has-input-connection=false, x=44.0, y=40.0, text=WorkoutApp, input-type=0, ime-target=false, has-links=false}
|
+------&gt;ActionMenuView{id=-1, visibility=VISIBLE, width=0, height=154, has-focus=false, has-focusable=false, has-window-focus=true, is-clickable=false, is-enabled=true, is-focused=false, is-focusable=false, is-layout-requested=false, is-selected=false, layout-params=androidx.appcompat.widget.Toolbar$LayoutParams&#64;51a784c, tag=null, root-is-layout-requested=false, has-input-connection=false, x=1080.0, y=0.0, child-count=0}
|
+-----&gt;ActionBarContextView{id=2131296366, res-name=action_context_bar, visibility=GONE, width=0, height=0, has-focus=false, has-focusable=false, has-window-focus=true, is-clickable=false, is-enabled=true, is-focused=false, is-focusable=false, is-layout-requested=true, is-selected=false, layout-params=android.widget.FrameLayout$LayoutParams&#64;3b49095, tag=null, root-is-layout-requested=false, has-input-connection=false, x=0.0, y=0.0, child-count=0}
|
+-&gt;View{id=16908336, res-name=navigationBarBackground, visibility=VISIBLE, width=1080, height=44, has-focus=false, has-focusable=false, has-window-focus=true, is-clickable=false, is-enabled=true, is-focused=false, is-focusable=false, is-layout-requested=false, is-selected=false, layout-params=android.widget.FrameLayout$LayoutParams&#64;2d25aa, tag=null, root-is-layout-requested=false, has-input-connection=false, x=0.0, y=2236.0}
|
+-&gt;View{id=16908335, res-name=statusBarBackground, visibility=VISIBLE, width=1080, height=66, has-focus=false, has-focusable=false, has-window-focus=true, is-clickable=false, is-enabled=true, is-focused=false, is-focusable=false, is-layout-requested=false, is-selected=false, layout-params=android.widget.FrameLayout$LayoutParams&#64;2f059b, tag=null, root-is-layout-requested=false, has-input-connection=false, x=0.0, y=0.0}
at dalvik.system.VMStack.getThreadStackTrace(Native Method)
at java.lang.Thread.getStackTrace(Thread.java:1724)
at androidx.test.espresso.base.DefaultFailureHandler.getUserFriendlyError(DefaultFailureHandler.java:12)
at androidx.test.espresso.base.DefaultFailureHandler.handle(DefaultFailureHandler.java:7)
at androidx.test.espresso.ViewInteraction.waitForAndHandleInteractionResults(ViewInteraction.java:8)
at androidx.test.espresso.ViewInteraction.desugaredPerform(ViewInteraction.java:11)
at androidx.test.espresso.ViewInteraction.perform(ViewInteraction.java:4)
at edu.vassar.cmpu203.workoutapp.CreateProfileInstTest.createProfileTest(CreateProfileInstTest.java:40)</failure>
  </testcase>
  <testcase name="testSnackbar" classname="edu.vassar.cmpu203.workoutapp.CreateProfileInstTest" time="1.466">
    <failure>androidx.test.espresso.NoMatchingViewException: No views in hierarchy found matching: view.getId() is &lt;2131296313/edu.vassar.cmpu203.workoutapp:id/UsernameText&gt;

View Hierarchy:
+&gt;DecorView{id=-1, visibility=VISIBLE, width=1080, height=2280, has-focus=false, has-focusable=true, has-window-focus=true, is-clickable=false, is-enabled=true, is-focused=false, is-focusable=false, is-layout-requested=false, is-selected=false, layout-params={(0,0)(fillxfill) ty=BASE_APPLICATION wanim=0x10302fe
fl=LAYOUT_IN_SCREEN LAYOUT_INSET_DECOR SPLIT_TOUCH HARDWARE_ACCELERATED DRAWS_SYSTEM_BAR_BACKGROUNDS
pfl=NO_MOVE_ANIMATION FORCE_DRAW_STATUS_BAR_BACKGROUND FIT_INSETS_CONTROLLED
bhv=DEFAULT
fitSides=}, tag=null, root-is-layout-requested=false, has-input-connection=false, x=0.0, y=0.0, child-count=3}
|
+-&gt;LinearLayout{id=-1, visibility=VISIBLE, width=1080, height=2236, has-focus=false, has-focusable=true, has-window-focus=true, is-clickable=false, is-enabled=true, is-focused=false, is-focusable=false, is-layout-requested=false, is-selected=false, layout-params=android.widget.FrameLayout$LayoutParams&#64;fee4e2, tag=null, root-is-layout-requested=false, has-input-connection=false, x=0.0, y=0.0, child-count=2}
|
+--&gt;ViewStub{id=16908723, res-name=action_mode_bar_stub, visibility=GONE, width=0, height=0, has-focus=false, has-focusable=false, has-window-focus=true, is-clickable=false, is-enabled=true, is-focused=false, is-focusable=false, is-layout-requested=true, is-selected=false, layout-params=android.widget.LinearLayout$LayoutParams&#64;f108073, tag=null, root-is-layout-requested=false, has-input-connection=false, x=0.0, y=0.0}
|
+--&gt;FrameLayout{id=-1, visibility=VISIBLE, width=1080, height=2170, has-focus=false, has-focusable=true, has-window-focus=true, is-clickable=false, is-enabled=true, is-focused=false, is-focusable=false, is-layout-requested=false, is-selected=false, layout-params=android.widget.LinearLayout$LayoutParams&#64;dabf3a9, tag=null, root-is-layout-requested=false, has-input-connection=false, x=0.0, y=66.0, child-count=1}
|
+---&gt;ActionBarOverlayLayout{id=2131296468, res-name=decor_content_parent, visibility=VISIBLE, width=1080, height=2170, has-focus=false, has-focusable=true, has-window-focus=true, is-clickable=false, is-enabled=true, is-focused=false, is-focusable=false, is-layout-requested=false, is-selected=false, layout-params=android.widget.FrameLayout$LayoutParams&#64;20c8a5c, tag=null, root-is-layout-requested=false, has-input-connection=false, x=0.0, y=0.0, child-count=2}
|
+----&gt;ContentFrameLayout{id=16908290, res-name=content, visibility=VISIBLE, width=1080, height=2016, has-focus=false, has-focusable=true, has-window-focus=true, is-clickable=false, is-enabled=true, is-focused=false, is-focusable=false, is-layout-requested=false, is-selected=false, layout-params=androidx.appcompat.widget.ActionBarOverlayLayout$LayoutParams&#64;c742e3a, tag=null, root-is-layout-requested=false, has-input-connection=false, x=0.0, y=154.0, child-count=1}
|
+-----&gt;ConstraintLayout{id=2131296448, res-name=constraintLayout, visibility=VISIBLE, width=1080, height=2016, has-focus=false, has-focusable=true, has-window-focus=true, is-clickable=false, is-enabled=true, is-focused=false, is-focusable=false, is-layout-requested=false, is-selected=false, layout-params=android.widget.FrameLayout$LayoutParams&#64;805f048, tag=null, root-is-layout-requested=false, has-input-connection=false, x=0.0, y=0.0, child-count=1}
|
+------&gt;FragmentContainerView{id=2131296526, res-name=fragmentContainerView, visibility=VISIBLE, width=1080, height=1919, has-focus=false, has-focusable=true, has-window-focus=true, is-clickable=false, is-enabled=true, is-focused=false, is-focusable=false, is-layout-requested=false, is-selected=false, layout-params=androidx.constraintlayout.widget.ConstraintLayout$LayoutParams&#64;e66f406, tag=null, root-is-layout-requested=false, has-input-connection=false, x=0.0, y=49.0, child-count=1}
|
+-------&gt;FrameLayout{id=-1, visibility=VISIBLE, width=1080, height=1919, has-focus=false, has-focusable=true, has-window-focus=true, is-clickable=false, is-enabled=true, is-focused=false, is-focusable=false, is-layout-requested=false, is-selected=false, layout-params=android.widget.FrameLayout$LayoutParams&#64;2adc8f4, tag=null, root-is-layout-requested=false, has-input-connection=false, x=0.0, y=0.0, child-count=1}
|
+--------&gt;ConstraintLayout{id=-1, visibility=VISIBLE, width=1080, height=1919, has-focus=false, has-focusable=true, has-window-focus=true, is-clickable=false, is-enabled=true, is-focused=false, is-focusable=false, is-layout-requested=false, is-selected=false, layout-params=android.widget.FrameLayout$LayoutParams&#64;b3c2dd5, tag=null, root-is-layout-requested=false, has-input-connection=false, x=0.0, y=0.0, child-count=8}
|
+---------&gt;MaterialTextView{id=2131296845, res-name=welcomeMessage, visibility=VISIBLE, width=1080, height=236, has-focus=false, has-focusable=false, has-window-focus=true, is-clickable=false, is-enabled=true, is-focused=false, is-focusable=false, is-layout-requested=false, is-selected=false, layout-params=androidx.constraintlayout.widget.ConstraintLayout$LayoutParams&#64;65499ea, tag=null, root-is-layout-requested=false, has-input-connection=false, x=0.0, y=446.0, text=Ultimate Social media app for Workouts, input-type=0, ime-target=false, has-links=false}
|
+---------&gt;MaterialButton{id=2131296739, res-name=signUpButton, visibility=VISIBLE, width=264, height=132, has-focus=false, has-focusable=true, has-window-focus=true, is-clickable=true, is-enabled=true, is-focused=false, is-focusable=true, is-layout-requested=false, is-selected=false, layout-params=androidx.constraintlayout.widget.ConstraintLayout$LayoutParams&#64;de704db, tag=null, root-is-layout-requested=false, has-input-connection=false, x=407.0, y=1682.0, text=Sign Up, input-type=0, ime-target=false, has-links=false, is-checked=false}
|
+---------&gt;MaterialButton{id=2131296588, res-name=logInButton, visibility=VISIBLE, width=1125, height=187, has-focus=false, has-focusable=true, has-window-focus=true, is-clickable=true, is-enabled=true, is-focused=false, is-focusable=true, is-layout-requested=false, is-selected=false, layout-params=androidx.constraintlayout.widget.ConstraintLayout$LayoutParams&#64;b39fb78, tag=null, root-is-layout-requested=false, has-input-connection=false, x=0.0, y=1180.0, text=Log In, input-type=0, ime-target=false, has-links=false, is-checked=false}
|
+---------&gt;MaterialTextView{id=2131296658, res-name=newUserMessage, visibility=VISIBLE, width=401, height=53, has-focus=false, has-focusable=false, has-window-focus=true, is-clickable=false, is-enabled=true, is-focused=false, is-focusable=false, is-layout-requested=false, is-selected=false, layout-params=androidx.constraintlayout.widget.ConstraintLayout$LayoutParams&#64;91ed251, tag=null, root-is-layout-requested=false, has-input-connection=false, x=339.0, y=1579.0, text=Don't have an account?, input-type=0, ime-target=false, has-links=false}
|
+---------&gt;AppCompatEditText{id=2131296834, res-name=usernameField, visibility=VISIBLE, width=765, height=132, has-focus=false, has-focusable=true, has-window-focus=true, is-clickable=true, is-enabled=true, is-focused=false, is-focusable=true, is-layout-requested=false, is-selected=false, layout-params=androidx.constraintlayout.widget.ConstraintLayout$LayoutParams&#64;dcf5724, tag=null, root-is-layout-requested=false, has-input-connection=true, editor-info=[inputType=0x61 imeOptions=0x8000005 privateImeOptions=null actionLabel=null actionId=0 initialSelStart=0 initialSelEnd=0 initialCapsMode=0x0 hintText=null label=null packageName=null autofillId=null fieldId=0 fieldName=null extras=Bundle[{android.support.text.emoji.emojiCompat_metadataVersion=7, android.support.text.emoji.emojiCompat_replaceAll=false}] hintLocales=null contentMimeTypes=null ], x=305.0, y=734.0, text=, input-type=97, ime-target=false, has-links=false}
|
+---------&gt;MaterialTextView{id=2131296835, res-name=usernameLogIn, visibility=VISIBLE, width=261, height=74, has-focus=false, has-focusable=false, has-window-focus=true, is-clickable=false, is-enabled=true, is-focused=false, is-focusable=false, is-layout-requested=false, is-selected=false, layout-params=androidx.constraintlayout.widget.ConstraintLayout$LayoutParams&#64;7ad428d, tag=null, root-is-layout-requested=false, has-input-connection=false, x=10.0, y=734.0, text=Username, input-type=0, ime-target=false, has-links=false}
|
+---------&gt;MaterialTextView{id=2131296681, res-name=passwordLogIn, visibility=VISIBLE, width=242, height=74, has-focus=false, has-focusable=false, has-window-focus=true, is-clickable=false, is-enabled=true, is-focused=false, is-focusable=false, is-layout-requested=false, is-selected=false, layout-params=androidx.constraintlayout.widget.ConstraintLayout$LayoutParams&#64;51a7c42, tag=null, root-is-layout-requested=false, has-input-connection=false, x=-2.0, y=910.0, text=Password, input-type=0, ime-target=false, has-links=false}
|
+---------&gt;AppCompatEditText{id=2131296680, res-name=passwordField, visibility=VISIBLE, width=751, height=132, has-focus=false, has-focusable=true, has-window-focus=true, is-clickable=true, is-enabled=true, is-focused=false, is-focusable=true, is-layout-requested=false, is-selected=false, layout-params=androidx.constraintlayout.widget.ConstraintLayout$LayoutParams&#64;b2f3453, tag=null, root-is-layout-requested=false, has-input-connection=true, editor-info=[inputType=0x81 imeOptions=0x4000006 privateImeOptions=null actionLabel=null actionId=0 initialSelStart=0 initialSelEnd=0 initialCapsMode=0x0 hintText=null label=null packageName=null autofillId=null fieldId=0 fieldName=null extras=Bundle[{android.support.text.emoji.emojiCompat_metadataVersion=7, android.support.text.emoji.emojiCompat_replaceAll=false}] hintLocales=null contentMimeTypes=null ], x=318.0, y=921.0, text=, input-type=129, ime-target=false, has-links=false}
|
+----&gt;ActionBarContainer{id=2131296360, res-name=action_bar_container, visibility=VISIBLE, width=1080, height=154, has-focus=false, has-focusable=false, has-window-focus=true, is-clickable=false, is-enabled=true, is-focused=false, is-focusable=false, is-layout-requested=false, is-selected=false, layout-params=androidx.appcompat.widget.ActionBarOverlayLayout$LayoutParams&#64;6581a8e, tag=null, root-is-layout-requested=false, has-input-connection=false, x=0.0, y=0.0, child-count=2}
|
+-----&gt;Toolbar{id=2131296358, res-name=action_bar, visibility=VISIBLE, width=1080, height=154, has-focus=false, has-focusable=false, has-window-focus=true, is-clickable=false, is-enabled=true, is-focused=false, is-focusable=false, is-layout-requested=false, is-selected=false, layout-params=android.widget.FrameLayout$LayoutParams&#64;36ec2af, tag=null, root-is-layout-requested=false, has-input-connection=false, x=0.0, y=0.0, child-count=2}
|
+------&gt;AppCompatTextView{id=-1, visibility=VISIBLE, width=311, height=74, has-focus=false, has-focusable=false, has-window-focus=true, is-clickable=false, is-enabled=true, is-focused=false, is-focusable=false, is-layout-requested=false, is-selected=false, layout-params=androidx.appcompat.widget.Toolbar$LayoutParams&#64;7d466bc, tag=null, root-is-layout-requested=false, has-input-connection=false, x=44.0, y=40.0, text=WorkoutApp, input-type=0, ime-target=false, has-links=false}
|
+------&gt;ActionMenuView{id=-1, visibility=VISIBLE, width=0, height=154, has-focus=false, has-focusable=false, has-window-focus=true, is-clickable=false, is-enabled=true, is-focused=false, is-focusable=false, is-layout-requested=false, is-selected=false, layout-params=androidx.appcompat.widget.Toolbar$LayoutParams&#64;e253645, tag=null, root-is-layout-requested=false, has-input-connection=false, x=1080.0, y=0.0, child-count=0}
|
+-----&gt;ActionBarContextView{id=2131296366, res-name=action_context_bar, visibility=GONE, width=0, height=0, has-focus=false, has-focusable=false, has-window-focus=true, is-clickable=false, is-enabled=true, is-focused=false, is-focusable=false, is-layout-requested=true, is-selected=false, layout-params=android.widget.FrameLayout$LayoutParams&#64;abf519a, tag=null, root-is-layout-requested=false, has-input-connection=false, x=0.0, y=0.0, child-count=0}
|
+-&gt;View{id=16908336, res-name=navigationBarBackground, visibility=VISIBLE, width=1080, height=44, has-focus=false, has-focusable=false, has-window-focus=true, is-clickable=false, is-enabled=true, is-focused=false, is-focusable=false, is-layout-requested=false, is-selected=false, layout-params=android.widget.FrameLayout$LayoutParams&#64;56edacb, tag=null, root-is-layout-requested=false, has-input-connection=false, x=0.0, y=2236.0}
|
+-&gt;View{id=16908335, res-name=statusBarBackground, visibility=VISIBLE, width=1080, height=66, has-focus=false, has-focusable=false, has-window-focus=true, is-clickable=false, is-enabled=true, is-focused=false, is-focusable=false, is-layout-requested=false, is-selected=false, layout-params=android.widget.FrameLayout$LayoutParams&#64;adf32a8, tag=null, root-is-layout-requested=false, has-input-connection=false, x=0.0, y=0.0}
at dalvik.system.VMStack.getThreadStackTrace(Native Method)
at java.lang.Thread.getStackTrace(Thread.java:1724)
at androidx.test.espresso.base.DefaultFailureHandler.getUserFriendlyError(DefaultFailureHandler.java:12)
at androidx.test.espresso.base.DefaultFailureHandler.handle(DefaultFailureHandler.java:7)
at androidx.test.espresso.ViewInteraction.waitForAndHandleInteractionResults(ViewInteraction.java:8)
at androidx.test.espresso.ViewInteraction.desugaredPerform(ViewInteraction.java:11)
at androidx.test.espresso.ViewInteraction.perform(ViewInteraction.java:4)
at edu.vassar.cmpu203.workoutapp.CreateProfileInstTest.testSnackbar(CreateProfileInstTest.java:82)</failure>
  </testcase>
  <testcase name="editProfileTest" classname="edu.vassar.cmpu203.workoutapp.EditProfileInstTest" time="31.072" />
  <testcase name="FilterDifficultyTest" classname="edu.vassar.cmpu203.workoutapp.FilterFeedInstTest" time="32.29" />
  <testcase name="FilterTypeTest" classname="edu.vassar.cmpu203.workoutapp.FilterFeedInstTest" time="24.441">
    <failure></failure>
  </testcase>
</testsuite>